#
# A fatal error has been detected by the Java Runtime Environment:
#
#  EXCEPTION_ACCESS_VIOLATION (0xc0000005) at pc=0x6c4a8d0b, pid=12788, tid=8400
#
# JRE version: Java(TM) SE Runtime Environment (8.0_66-b18) (build 1.8.0_66-b18)
# Java VM: Java HotSpot(TM) Client VM (25.66-b18 mixed mode windows-x86 )
# Problematic frame:
# V  [jvm.dll+0x138d0b]
#
# Failed to write core dump. Minidumps are not enabled by default on client versions of Windows
#
# If you would like to submit a bug report, please visit:
#   http://bugreport.java.com/bugreport/crash.jsp
#

---------------  T H R E A D  ---------------

Current thread (0x162a9800):  JavaThread "AWT-EventQueue-0" [_thread_in_vm, id=8400, stack(0x16f50000,0x16fa0000)]

siginfo: ExceptionCode=0xc0000005, writing address 0x00000000

Registers:
EAX=0x00000000, EBX=0x162a9800, ECX=0x16f9eac0, EDX=0x3bda740e
ESP=0x16f9eab4, EBP=0x16f9eac8, ESI=0x152bf3b0, EDI=0x162a9800
EIP=0x6c4a8d0b, EFLAGS=0x00010246

Top of Stack: (sp=0x16f9eab4)
0x16f9eab4:   162a9800 152bf3b0 152bf3b0 3bda740e
0x16f9eac4:   00000000 16f9eb14 0316c0c3 00000000
0x16f9ead4:   16f9eb38 16f9eac0 00000000 00000000
0x16f9eae4:   3bda740e 00000000 152bf3b0 0316beb6
0x16f9eaf4:   16f9eaf4 152bf3b0 16f9eb38 152df270
0x16f9eb04:   00000000 152bf3b0 00000000 16f9eb24
0x16f9eb14:   16f9eb5c 031643b4 00000000 03168a99
0x16f9eb24:   3bda740e 00000000 00000000 00000000 

Instructions: (pc=0x6c4a8d0b)
0x6c4a8ceb:   14 8b 55 1c 03 c8 8b 45 20 89 4d 08 8d 4d f8 89
0x6c4a8cfb:   55 f8 89 45 fc 89 4d 10 8b 45 10 df 28 8b 45 08
0x6c4a8d0b:   df 38 83 3d 88 21 6f 6c 01 75 09 80 3d a1 19 6f
0x6c4a8d1b:   6c 00 74 05 f0 83 04 24 00 8b 73 28 8b 56 08 83 


Register to memory mapping:

EAX=0x00000000 is an unknown value
EBX=0x162a9800 is a thread
ECX=0x16f9eac0 is pointing into the stack for thread: 0x162a9800
EDX=0x3bda740e is an unknown value
ESP=0x16f9eab4 is pointing into the stack for thread: 0x162a9800
EBP=0x16f9eac8 is pointing into the stack for thread: 0x162a9800
ESI={method} {0x152bf3b4} 'putOrderedLong' '(Ljava/lang/Object;JJ)V' in 'sun/misc/Unsafe'
EDI=0x162a9800 is a thread


Stack: [0x16f50000,0x16fa0000],  sp=0x16f9eab4,  free space=314k
Native frames: (J=compiled Java code, j=interpreted, Vv=VM code, C=native code)
V  [jvm.dll+0x138d0b]
j  sun.misc.Unsafe.putOrderedLong(Ljava/lang/Object;JJ)V+0
j  org.joml.MemUtil$MemUtilUnsafe.put(Lorg/joml/Matrix4f;J)V+37
j  org.joml.MemUtil$MemUtilUnsafe.put(Lorg/joml/Matrix4f;ILjava/nio/FloatBuffer;)V+12
j  org.joml.Matrix4f.get(ILjava/nio/FloatBuffer;)Ljava/nio/FloatBuffer;+6
j  org.joml.Matrix4f.get(Ljava/nio/FloatBuffer;)Ljava/nio/FloatBuffer;+6
j  View.draw(Lcom/jogamp/opengl/GLAutoDrawable;)V+67
j  JOGLFrame$1.display(Lcom/jogamp/opengl/GLAutoDrawable;)V+8
j  jogamp.opengl.GLDrawableHelper.displayImpl(Lcom/jogamp/opengl/GLAutoDrawable;)V+62
j  jogamp.opengl.GLDrawableHelper.display(Lcom/jogamp/opengl/GLAutoDrawable;)V+2
j  com.jogamp.opengl.awt.GLCanvas$11.run()V+118
j  jogamp.opengl.GLDrawableHelper.invokeGLImpl(Lcom/jogamp/opengl/GLDrawable;Lcom/jogamp/opengl/GLContext;Ljava/lang/Runnable;Ljava/lang/Runnable;)V+203
j  jogamp.opengl.GLDrawableHelper.invokeGL(Lcom/jogamp/opengl/GLDrawable;Lcom/jogamp/opengl/GLContext;Ljava/lang/Runnable;Ljava/lang/Runnable;)V+72
j  com.jogamp.opengl.awt.GLCanvas$12.run()V+104
j  com.jogamp.opengl.Threading.invoke(ZLjava/lang/Runnable;Ljava/lang/Object;)V+27
j  com.jogamp.opengl.awt.GLCanvas.display()V+64
j  com.jogamp.opengl.awt.GLCanvas.paint(Ljava/awt/Graphics;)V+137
j  sun.awt.RepaintArea.paintComponent(Ljava/awt/Component;Ljava/awt/Graphics;)V+6
j  sun.awt.RepaintArea.paint(Ljava/lang/Object;Z)V+326
j  sun.awt.windows.WComponentPeer.handleEvent(Ljava/awt/AWTEvent;)V+155
j  java.awt.Component.dispatchEventImpl(Ljava/awt/AWTEvent;)V+877
j  java.awt.Component.dispatchEvent(Ljava/awt/AWTEvent;)V+2
j  java.awt.EventQueue.dispatchEventImpl(Ljava/awt/AWTEvent;Ljava/lang/Object;)V+41
j  java.awt.EventQueue.access$500(Ljava/awt/EventQueue;Ljava/awt/AWTEvent;Ljava/lang/Object;)V+3
j  java.awt.EventQueue$3.run()Ljava/lang/Void;+32
j  java.awt.EventQueue$3.run()Ljava/lang/Object;+1
v  ~StubRoutines::call_stub
V  [jvm.dll+0x158ba5]
V  [jvm.dll+0x21e12e]
V  [jvm.dll+0x158c3e]
V  [jvm.dll+0x10973f]
C  [java.dll+0x102f]
j  java.security.ProtectionDomain$JavaSecurityAccessImpl.doIntersectionPrivilege(Ljava/security/PrivilegedAction;Ljava/security/AccessControlContext;Ljava/security/AccessControlContext;)Ljava/lang/Object;+18
j  java.security.ProtectionDomain$JavaSecurityAccessImpl.doIntersectionPrivilege(Ljava/security/PrivilegedAction;Ljava/security/AccessControlContext;)Ljava/lang/Object;+6
j  java.awt.EventQueue$4.run()Ljava/lang/Void;+11
j  java.awt.EventQueue$4.run()Ljava/lang/Object;+1
v  ~StubRoutines::call_stub
V  [jvm.dll+0x158ba5]
V  [jvm.dll+0x21e12e]
V  [jvm.dll+0x158c3e]
V  [jvm.dll+0x10973f]
C  [java.dll+0x102f]
j  java.security.ProtectionDomain$JavaSecurityAccessImpl.doIntersectionPrivilege(Ljava/security/PrivilegedAction;Ljava/security/AccessControlContext;Ljava/security/AccessControlContext;)Ljava/lang/Object;+18
j  java.awt.EventQueue.dispatchEvent(Ljava/awt/AWTEvent;)V+73
j  java.awt.EventDispatchThread.pumpOneEventForFilters(I)V+245
j  java.awt.EventDispatchThread.pumpEventsForFilter(ILjava/awt/Conditional;Ljava/awt/EventFilter;)V+35
j  java.awt.EventDispatchThread.pumpEventsForHierarchy(ILjava/awt/Conditional;Ljava/awt/Component;)V+11
j  java.awt.EventDispatchThread.pumpEvents(ILjava/awt/Conditional;)V+4
j  java.awt.EventDispatchThread.pumpEvents(Ljava/awt/Conditional;)V+3
j  java.awt.EventDispatchThread.run()V+9
v  ~StubRoutines::call_stub
V  [jvm.dll+0x158ba5]
V  [jvm.dll+0x21e12e]
V  [jvm.dll+0x158c3e]
V  [jvm.dll+0x158dc6]
V  [jvm.dll+0x158e37]
V  [jvm.dll+0xfd84f]
V  [jvm.dll+0x17c07c]
V  [jvm.dll+0x17c16a]
V  [jvm.dll+0x1c06f6]
C  [msvcr100.dll+0x5c556]
C  [msvcr100.dll+0x5c600]
C  [KERNEL32.DLL+0x162c4]
C  [ntdll.dll+0x60609]
C  [ntdll.dll+0x605d4]
C  0x00000000

Java frames: (J=compiled Java code, j=interpreted, Vv=VM code)
j  sun.misc.Unsafe.putOrderedLong(Ljava/lang/Object;JJ)V+0
j  org.joml.MemUtil$MemUtilUnsafe.put(Lorg/joml/Matrix4f;J)V+37
j  org.joml.MemUtil$MemUtilUnsafe.put(Lorg/joml/Matrix4f;ILjava/nio/FloatBuffer;)V+12
j  org.joml.Matrix4f.get(ILjava/nio/FloatBuffer;)Ljava/nio/FloatBuffer;+6
j  org.joml.Matrix4f.get(Ljava/nio/FloatBuffer;)Ljava/nio/FloatBuffer;+6
j  View.draw(Lcom/jogamp/opengl/GLAutoDrawable;)V+67
j  JOGLFrame$1.display(Lcom/jogamp/opengl/GLAutoDrawable;)V+8
j  jogamp.opengl.GLDrawableHelper.displayImpl(Lcom/jogamp/opengl/GLAutoDrawable;)V+62
j  jogamp.opengl.GLDrawableHelper.display(Lcom/jogamp/opengl/GLAutoDrawable;)V+2
j  com.jogamp.opengl.awt.GLCanvas$11.run()V+118
j  jogamp.opengl.GLDrawableHelper.invokeGLImpl(Lcom/jogamp/opengl/GLDrawable;Lcom/jogamp/opengl/GLContext;Ljava/lang/Runnable;Ljava/lang/Runnable;)V+203
j  jogamp.opengl.GLDrawableHelper.invokeGL(Lcom/jogamp/opengl/GLDrawable;Lcom/jogamp/opengl/GLContext;Ljava/lang/Runnable;Ljava/lang/Runnable;)V+72
j  com.jogamp.opengl.awt.GLCanvas$12.run()V+104
j  com.jogamp.opengl.Threading.invoke(ZLjava/lang/Runnable;Ljava/lang/Object;)V+27
j  com.jogamp.opengl.awt.GLCanvas.display()V+64
j  com.jogamp.opengl.awt.GLCanvas.paint(Ljava/awt/Graphics;)V+137
j  sun.awt.RepaintArea.paintComponent(Ljava/awt/Component;Ljava/awt/Graphics;)V+6
j  sun.awt.RepaintArea.paint(Ljava/lang/Object;Z)V+326
j  sun.awt.windows.WComponentPeer.handleEvent(Ljava/awt/AWTEvent;)V+155
j  java.awt.Component.dispatchEventImpl(Ljava/awt/AWTEvent;)V+877
j  java.awt.Component.dispatchEvent(Ljava/awt/AWTEvent;)V+2
j  java.awt.EventQueue.dispatchEventImpl(Ljava/awt/AWTEvent;Ljava/lang/Object;)V+41
j  java.awt.EventQueue.access$500(Ljava/awt/EventQueue;Ljava/awt/AWTEvent;Ljava/lang/Object;)V+3
j  java.awt.EventQueue$3.run()Ljava/lang/Void;+32
j  java.awt.EventQueue$3.run()Ljava/lang/Object;+1
v  ~StubRoutines::call_stub
j  java.security.AccessController.doPrivileged(Ljava/security/PrivilegedAction;Ljava/security/AccessControlContext;)Ljava/lang/Object;+0
j  java.security.ProtectionDomain$JavaSecurityAccessImpl.doIntersectionPrivilege(Ljava/security/PrivilegedAction;Ljava/security/AccessControlContext;Ljava/security/AccessControlContext;)Ljava/lang/Object;+18
j  java.security.ProtectionDomain$JavaSecurityAccessImpl.doIntersectionPrivilege(Ljava/security/PrivilegedAction;Ljava/security/AccessControlContext;)Ljava/lang/Object;+6
j  java.awt.EventQueue$4.run()Ljava/lang/Void;+11
j  java.awt.EventQueue$4.run()Ljava/lang/Object;+1
v  ~StubRoutines::call_stub
j  java.security.AccessController.doPrivileged(Ljava/security/PrivilegedAction;Ljava/security/AccessControlContext;)Ljava/lang/Object;+0
j  java.security.ProtectionDomain$JavaSecurityAccessImpl.doIntersectionPrivilege(Ljava/security/PrivilegedAction;Ljava/security/AccessControlContext;Ljava/security/AccessControlContext;)Ljava/lang/Object;+18
j  java.awt.EventQueue.dispatchEvent(Ljava/awt/AWTEvent;)V+73
j  java.awt.EventDispatchThread.pumpOneEventForFilters(I)V+245
j  java.awt.EventDispatchThread.pumpEventsForFilter(ILjava/awt/Conditional;Ljava/awt/EventFilter;)V+35
j  java.awt.EventDispatchThread.pumpEventsForHierarchy(ILjava/awt/Conditional;Ljava/awt/Component;)V+11
j  java.awt.EventDispatchThread.pumpEvents(ILjava/awt/Conditional;)V+4
j  java.awt.EventDispatchThread.pumpEvents(Ljava/awt/Conditional;)V+3
j  java.awt.EventDispatchThread.run()V+9
v  ~StubRoutines::call_stub

---------------  P R O C E S S  ---------------

Java Threads: ( => current thread )
  0x1646c400 JavaThread "AWT-EventQueue-0-SharedResourceRunner" daemon [_thread_blocked, id=5532, stack(0x184f0000,0x18540000)]
  0x02f0e400 JavaThread "DestroyJavaVM" [_thread_blocked, id=11864, stack(0x01580000,0x015d0000)]
=>0x162a9800 JavaThread "AWT-EventQueue-0" [_thread_in_vm, id=8400, stack(0x16f50000,0x16fa0000)]
  0x1629e000 JavaThread "AWT-Windows" daemon [_thread_in_native, id=5556, stack(0x16da0000,0x16df0000)]
  0x1629d800 JavaThread "AWT-Shutdown" [_thread_blocked, id=13552, stack(0x16d10000,0x16d60000)]
  0x1629cc00 JavaThread "Java2D Disposer" daemon [_thread_blocked, id=2836, stack(0x16c80000,0x16cd0000)]
  0x16264c00 JavaThread "Monitor Ctrl-Break" daemon [_thread_in_native, id=6604, stack(0x16b40000,0x16b90000)]
  0x156f7c00 JavaThread "Service Thread" daemon [_thread_blocked, id=8800, stack(0x15cd0000,0x15d20000)]
  0x15700800 JavaThread "C1 CompilerThread0" daemon [_thread_blocked, id=9600, stack(0x15c40000,0x15c90000)]
  0x156ff400 JavaThread "Attach Listener" daemon [_thread_blocked, id=7764, stack(0x15bb0000,0x15c00000)]
  0x156fd400 JavaThread "Signal Dispatcher" daemon [_thread_blocked, id=15268, stack(0x15b20000,0x15b70000)]
  0x156cf000 JavaThread "Finalizer" daemon [_thread_blocked, id=15328, stack(0x159a0000,0x159f0000)]
  0x156ca000 JavaThread "Reference Handler" daemon [_thread_blocked, id=13940, stack(0x15910000,0x15960000)]

Other Threads:
  0x156c5800 VMThread [stack: 0x158c0000,0x15910000] [id=10324]
  0x156fb800 WatcherThread [stack: 0x15d60000,0x15db0000] [id=11852]

VM state:not at safepoint (normal execution)

VM Mutex/Monitor currently owned by a thread: None

Heap:
 def new generation   total 4928K, used 1524K [0x05200000, 0x05750000, 0x0a750000)
  eden space 4416K,  22% used [0x05200000, 0x052fd0f0, 0x05650000)
  from space 512K,  99% used [0x056d0000, 0x0574ff88, 0x05750000)
  to   space 512K,   0% used [0x05650000, 0x05650000, 0x056d0000)
 tenured generation   total 10944K, used 5707K [0x0a750000, 0x0b200000, 0x15200000)
   the space 10944K,  52% used [0x0a750000, 0x0ace2e58, 0x0ace3000, 0x0b200000)
 Metaspace       used 10129K, capacity 10324K, committed 10496K, reserved 10624K

Card table byte_map: [0x05160000,0x051f0000] byte_map_base: 0x05137000

Polling page: 0x015e0000

CodeCache: size=32768Kb used=1168Kb max_used=1168Kb free=31599Kb
 bounds [0x03160000, 0x03288000, 0x05160000]
 total_blobs=732 nmethods=327 adapters=336
 compilation: enabled

Compilation events (10 events):
Event: 1.972 Thread 0x15700800  322             java.util.HashSet::add (20 bytes)
Event: 1.972 Thread 0x15700800 nmethod 322 0x03282748 code [0x03282850, 0x032828fc]
Event: 1.974 Thread 0x15700800  323             java.util.concurrent.ConcurrentHashMap::addCount (292 bytes)
Event: 1.975 Thread 0x15700800 nmethod 323 0x03282c08 code [0x03282d60, 0x03283154]
Event: 1.976 Thread 0x15700800  325             java.io.BufferedInputStream::getBufIfOpen (21 bytes)
Event: 1.976 Thread 0x15700800 nmethod 325 0x03283448 code [0x03283550, 0x0328364c]
Event: 1.976 Thread 0x15700800  326  s          java.io.BufferedInputStream::read (49 bytes)
Event: 1.976 Thread 0x15700800 nmethod 326 0x032836c8 code [0x032837f0, 0x03283ad8]
Event: 1.999 Thread 0x15700800  327  s          java.lang.StringBuffer::toString (36 bytes)
Event: 1.999 Thread 0x15700800 nmethod 327 0x03283e88 code [0x03283f90, 0x032841ec]

GC Heap History (10 events):
Event: 1.783 GC heap before
{Heap before GC invocations=12 (full 0):
 def new generation   total 4928K, used 4416K [0x05200000, 0x05750000, 0x0a750000)
  eden space 4416K, 100% used [0x05200000, 0x05650000, 0x05650000)
  from space 512K,   0% used [0x05650000, 0x056500b8, 0x056d0000)
  to   space 512K,   0% used [0x056d0000, 0x056d0000, 0x05750000)
 tenured generation   total 10944K, used 5128K [0x0a750000, 0x0b200000, 0x15200000)
   the space 10944K,  46% used [0x0a750000, 0x0ac52298, 0x0ac52400, 0x0b200000)
 Metaspace       used 8576K, capacity 8751K, committed 8832K, reserved 9600K
Event: 1.783 GC heap after
Heap after GC invocations=13 (full 0):
 def new generation   total 4928K, used 185K [0x05200000, 0x05750000, 0x0a750000)
  eden space 4416K,   0% used [0x05200000, 0x05200000, 0x05650000)
  from space 512K,  36% used [0x056d0000, 0x056fe638, 0x05750000)
  to   space 512K,   0% used [0x05650000, 0x05650000, 0x056d0000)
 tenured generation   total 10944K, used 5128K [0x0a750000, 0x0b200000, 0x15200000)
   the space 10944K,  46% used [0x0a750000, 0x0ac52298, 0x0ac52400, 0x0b200000)
 Metaspace       used 8576K, capacity 8751K, committed 8832K, reserved 9600K
}
Event: 1.796 GC heap before
{Heap before GC invocations=13 (full 0):
 def new generation   total 4928K, used 4601K [0x05200000, 0x05750000, 0x0a750000)
  eden space 4416K, 100% used [0x05200000, 0x05650000, 0x05650000)
  from space 512K,  36% used [0x056d0000, 0x056fe638, 0x05750000)
  to   space 512K,   0% used [0x05650000, 0x05650000, 0x056d0000)
 tenured generation   total 10944K, used 5128K [0x0a750000, 0x0b200000, 0x15200000)
   the space 10944K,  46% used [0x0a750000, 0x0ac52298, 0x0ac52400, 0x0b200000)
 Metaspace       used 8576K, capacity 8751K, committed 8832K, reserved 9600K
Event: 1.797 GC heap after
Heap after GC invocations=14 (full 0):
 def new generation   total 4928K, used 182K [0x05200000, 0x05750000, 0x0a750000)
  eden space 4416K,   0% used [0x05200000, 0x05200000, 0x05650000)
  from space 512K,  35% used [0x05650000, 0x0567db50, 0x056d0000)
  to   space 512K,   0% used [0x056d0000, 0x056d0000, 0x05750000)
 tenured generation   total 10944K, used 5128K [0x0a750000, 0x0b200000, 0x15200000)
   the space 10944K,  46% used [0x0a750000, 0x0ac52298, 0x0ac52400, 0x0b200000)
 Metaspace       used 8576K, capacity 8751K, committed 8832K, reserved 9600K
}
Event: 1.811 GC heap before
{Heap before GC invocations=14 (full 0):
 def new generation   total 4928K, used 4598K [0x05200000, 0x05750000, 0x0a750000)
  eden space 4416K, 100% used [0x05200000, 0x05650000, 0x05650000)
  from space 512K,  35% used [0x05650000, 0x0567db50, 0x056d0000)
  to   space 512K,   0% used [0x056d0000, 0x056d0000, 0x05750000)
 tenured generation   total 10944K, used 5128K [0x0a750000, 0x0b200000, 0x15200000)
   the space 10944K,  46% used [0x0a750000, 0x0ac52298, 0x0ac52400, 0x0b200000)
 Metaspace       used 8576K, capacity 8751K, committed 8832K, reserved 9600K
Event: 1.812 GC heap after
Heap after GC invocations=15 (full 0):
 def new generation   total 4928K, used 182K [0x05200000, 0x05750000, 0x0a750000)
  eden space 4416K,   0% used [0x05200000, 0x05200000, 0x05650000)
  from space 512K,  35% used [0x056d0000, 0x056fdb80, 0x05750000)
  to   space 512K,   0% used [0x05650000, 0x05650000, 0x056d0000)
 tenured generation   total 10944K, used 5128K [0x0a750000, 0x0b200000, 0x15200000)
   the space 10944K,  46% used [0x0a750000, 0x0ac52298, 0x0ac52400, 0x0b200000)
 Metaspace       used 8576K, capacity 8751K, committed 8832K, reserved 9600K
}
Event: 1.828 GC heap before
{Heap before GC invocations=15 (full 0):
 def new generation   total 4928K, used 4598K [0x05200000, 0x05750000, 0x0a750000)
  eden space 4416K, 100% used [0x05200000, 0x05650000, 0x05650000)
  from space 512K,  35% used [0x056d0000, 0x056fdb80, 0x05750000)
  to   space 512K,   0% used [0x05650000, 0x05650000, 0x056d0000)
 tenured generation   total 10944K, used 5128K [0x0a750000, 0x0b200000, 0x15200000)
   the space 10944K,  46% used [0x0a750000, 0x0ac52298, 0x0ac52400, 0x0b200000)
 Metaspace       used 8576K, capacity 8751K, committed 8832K, reserved 9600K
Event: 1.829 GC heap after
Heap after GC invocations=16 (full 0):
 def new generation   total 4928K, used 182K [0x05200000, 0x05750000, 0x0a750000)
  eden space 4416K,   0% used [0x05200000, 0x05200000, 0x05650000)
  from space 512K,  35% used [0x05650000, 0x0567db40, 0x056d0000)
  to   space 512K,   0% used [0x056d0000, 0x056d0000, 0x05750000)
 tenured generation   total 10944K, used 5128K [0x0a750000, 0x0b200000, 0x15200000)
   the space 10944K,  46% used [0x0a750000, 0x0ac52298, 0x0ac52400, 0x0b200000)
 Metaspace       used 8576K, capacity 8751K, committed 8832K, reserved 9600K
}
Event: 1.953 GC heap before
{Heap before GC invocations=16 (full 0):
 def new generation   total 4928K, used 4598K [0x05200000, 0x05750000, 0x0a750000)
  eden space 4416K, 100% used [0x05200000, 0x05650000, 0x05650000)
  from space 512K,  35% used [0x05650000, 0x0567db40, 0x056d0000)
  to   space 512K,   0% used [0x056d0000, 0x056d0000, 0x05750000)
 tenured generation   total 10944K, used 5128K [0x0a750000, 0x0b200000, 0x15200000)
   the space 10944K,  46% used [0x0a750000, 0x0ac52298, 0x0ac52400, 0x0b200000)
 Metaspace       used 9793K, capacity 9972K, committed 10112K, reserved 10624K
Event: 1.955 GC heap after
Heap after GC invocations=17 (full 0):
 def new generation   total 4928K, used 511K [0x05200000, 0x05750000, 0x0a750000)
  eden space 4416K,   0% used [0x05200000, 0x05200000, 0x05650000)
  from space 512K,  99% used [0x056d0000, 0x0574ff88, 0x05750000)
  to   space 512K,   0% used [0x05650000, 0x05650000, 0x056d0000)
 tenured generation   total 10944K, used 5707K [0x0a750000, 0x0b200000, 0x15200000)
   the space 10944K,  52% used [0x0a750000, 0x0ace2e58, 0x0ace3000, 0x0b200000)
 Metaspace       used 9793K, capacity 9972K, committed 10112K, reserved 10624K
}

Deoptimization events (0 events):
No events

Internal exceptions (10 events):
Event: 0.217 Thread 0x02f0e400 Exception <a 'java/security/PrivilegedActionException'> (0x054df958) thrown at [C:\re\workspace\8-2-build-windows-i586-cygwin\jdk8u66\5298\hotspot\src\share\vm\prims\jvm.cpp, line 1386]
Event: 0.217 Thread 0x02f0e400 Exception <a 'java/security/PrivilegedActionException'> (0x054dfb58) thrown at [C:\re\workspace\8-2-build-windows-i586-cygwin\jdk8u66\5298\hotspot\src\share\vm\prims\jvm.cpp, line 1386]
Event: 0.217 Thread 0x02f0e400 Exception <a 'java/security/PrivilegedActionException'> (0x054e3d98) thrown at [C:\re\workspace\8-2-build-windows-i586-cygwin\jdk8u66\5298\hotspot\src\share\vm\prims\jvm.cpp, line 1386]
Event: 0.217 Thread 0x02f0e400 Exception <a 'java/security/PrivilegedActionException'> (0x054e3f98) thrown at [C:\re\workspace\8-2-build-windows-i586-cygwin\jdk8u66\5298\hotspot\src\share\vm\prims\jvm.cpp, line 1386]
Event: 0.221 Thread 0x02f0e400 Exception <a 'java/io/FileNotFoundException'> (0x054e5f08) thrown at [C:\re\workspace\8-2-build-windows-i586-cygwin\jdk8u66\5298\hotspot\src\share\vm\prims\jni.cpp, line 709]
Event: 0.253 Thread 0x02f0e400 Exception <a 'java/lang/NoSuchFieldError': method resolution failed> (0x055a0e30) thrown at [C:\re\workspace\8-2-build-windows-i586-cygwin\jdk8u66\5298\hotspot\src\share\vm\prims\methodHandles.cpp, line 1146]
Event: 0.254 Thread 0x02f0e400 Exception <a 'java/lang/NoSuchFieldError': method resolution failed> (0x055ad150) thrown at [C:\re\workspace\8-2-build-windows-i586-cygwin\jdk8u66\5298\hotspot\src\share\vm\prims\methodHandles.cpp, line 1146]
Event: 0.343 Thread 0x162a9800 Exception <a 'java/io/FileNotFoundException'> (0x052a0500) thrown at [C:\re\workspace\8-2-build-windows-i586-cygwin\jdk8u66\5298\hotspot\src\share\vm\prims\jni.cpp, line 709]
Event: 1.050 Thread 0x162a9800 Exception <a 'java/io/FileNotFoundException'> (0x05631458) thrown at [C:\re\workspace\8-2-build-windows-i586-cygwin\jdk8u66\5298\hotspot\src\share\vm\prims\jni.cpp, line 709]
Event: 1.899 Thread 0x162a9800 Exception <a 'java/lang/reflect/InvocationTargetException'> (0x055088c0) thrown at [C:\re\workspace\8-2-build-windows-i586-cygwin\jdk8u66\5298\hotspot\src\share\vm\runtime\reflection.cpp, line 1092]

Events (10 events):
Event: 1.996 loading class util/ObjectInstance$Buffer_IDs
Event: 1.996 loading class util/ObjectInstance$Buffer_IDs done
Event: 1.996 loading class java/nio/HeapFloatBuffer
Event: 1.997 loading class java/nio/HeapFloatBuffer done
Event: 1.997 loading class org/joml/MemUtil
Event: 1.997 loading class org/joml/MemUtil done
Event: 1.998 loading class org/joml/MemUtil$MemUtilNIO
Event: 1.998 loading class org/joml/MemUtil$MemUtilNIO done
Event: 1.999 loading class org/joml/MemUtil$MemUtilUnsafe
Event: 1.999 loading class org/joml/MemUtil$MemUtilUnsafe done


Dynamic libraries:
0x013e0000 - 0x01413000 	C:\Program Files (x86)\Java\jdk1.8.0_66\bin\java.exe
0x77cb0000 - 0x77e32000 	C:\WINDOWS\SYSTEM32\ntdll.dll
0x75720000 - 0x75800000 	C:\WINDOWS\System32\KERNEL32.DLL
0x74eb0000 - 0x75051000 	C:\WINDOWS\System32\KERNELBASE.dll
0x693a0000 - 0x69432000 	C:\WINDOWS\system32\apphelp.dll
0x778b0000 - 0x77927000 	C:\WINDOWS\System32\ADVAPI32.dll
0x75f20000 - 0x75fde000 	C:\WINDOWS\System32\msvcrt.dll
0x75c20000 - 0x75c61000 	C:\WINDOWS\System32\sechost.dll
0x77460000 - 0x77521000 	C:\WINDOWS\System32\RPCRT4.dll
0x747f0000 - 0x7480e000 	C:\WINDOWS\System32\SspiCli.dll
0x747e0000 - 0x747ea000 	C:\WINDOWS\System32\CRYPTBASE.dll
0x75970000 - 0x759ca000 	C:\WINDOWS\System32\bcryptPrimitives.dll
0x75810000 - 0x7596f000 	C:\WINDOWS\System32\USER32.dll
0x74810000 - 0x74825000 	C:\WINDOWS\System32\win32u.dll
0x77530000 - 0x7755b000 	C:\WINDOWS\System32\GDI32.dll
0x74c40000 - 0x74d9b000 	C:\WINDOWS\System32\gdi32full.dll
0x6f9c0000 - 0x6fbca000 	C:\WINDOWS\WinSxS\x86_microsoft.windows.common-controls_6595b64144ccf1df_6.0.14393.0_none_74bc87d3d22d9abe\COMCTL32.dll
0x75d00000 - 0x75f11000 	C:\WINDOWS\System32\combase.dll
0x77930000 - 0x77a10000 	C:\WINDOWS\System32\ucrtbase.dll
0x75cc0000 - 0x75ce5000 	C:\WINDOWS\System32\IMM32.DLL
0x50ad0000 - 0x50b8f000 	C:\Program Files (x86)\Java\jdk1.8.0_66\jre\bin\msvcr100.dll
0x6c370000 - 0x6c735000 	C:\Program Files (x86)\Java\jdk1.8.0_66\jre\bin\client\jvm.dll
0x74ea0000 - 0x74ea6000 	C:\WINDOWS\System32\PSAPI.DLL
0x71ef0000 - 0x71ef8000 	C:\WINDOWS\SYSTEM32\WSOCK32.dll
0x77a60000 - 0x77ac3000 	C:\WINDOWS\System32\WS2_32.dll
0x6ff10000 - 0x6ff34000 	C:\WINDOWS\SYSTEM32\WINMM.dll
0x74090000 - 0x74098000 	C:\WINDOWS\SYSTEM32\VERSION.dll
0x6fee0000 - 0x6ff03000 	C:\WINDOWS\SYSTEM32\WINMMBASE.dll
0x77420000 - 0x77456000 	C:\WINDOWS\System32\cfgmgr32.dll
0x54d50000 - 0x54d5c000 	C:\Program Files (x86)\Java\jdk1.8.0_66\jre\bin\verify.dll
0x50aa0000 - 0x50ac1000 	C:\Program Files (x86)\Java\jdk1.8.0_66\jre\bin\java.dll
0x50a80000 - 0x50a93000 	C:\Program Files (x86)\Java\jdk1.8.0_66\jre\bin\zip.dll
0x76040000 - 0x77417000 	C:\WINDOWS\System32\SHELL32.dll
0x75060000 - 0x755ce000 	C:\WINDOWS\System32\windows.storage.dll
0x77a10000 - 0x77a55000 	C:\WINDOWS\System32\powrprof.dll
0x75fe0000 - 0x76026000 	C:\WINDOWS\System32\shlwapi.dll
0x755d0000 - 0x755dd000 	C:\WINDOWS\System32\kernel.appcore.dll
0x775c0000 - 0x77648000 	C:\WINDOWS\System32\shcore.dll
0x75800000 - 0x7580f000 	C:\WINDOWS\System32\profapi.dll
0x051f0000 - 0x051f7000 	C:\Program Files (x86)\JetBrains\IntelliJ IDEA Community Edition 15.0.2\bin\breakgen.dll
0x502a0000 - 0x502b6000 	C:\Program Files (x86)\Java\jdk1.8.0_66\jre\bin\net.dll
0x73d10000 - 0x73d5e000 	C:\WINDOWS\system32\mswsock.dll
0x50150000 - 0x50295000 	C:\Program Files (x86)\Java\jdk1.8.0_66\jre\bin\awt.dll
0x74da0000 - 0x74e33000 	C:\WINDOWS\System32\OLEAUT32.dll
0x74760000 - 0x747d5000 	C:\WINDOWS\system32\uxtheme.dll
0x755e0000 - 0x75716000 	C:\WINDOWS\System32\MSCTF.dll
0x6fe10000 - 0x6fe2f000 	C:\WINDOWS\system32\dwmapi.dll
0x77bc0000 - 0x77caa000 	C:\WINDOWS\System32\ole32.dll
0x740d0000 - 0x740e3000 	C:\WINDOWS\SYSTEM32\CRYPTSP.dll
0x740a0000 - 0x740cf000 	C:\WINDOWS\system32\rsaenh.dll
0x71e60000 - 0x71e7b000 	C:\WINDOWS\SYSTEM32\bcrypt.dll
0x73ee0000 - 0x73efa000 	C:\WINDOWS\SYSTEM32\USERENV.dll
0x70370000 - 0x7039f000 	C:\WINDOWS\SYSTEM32\IPHLPAPI.DLL
0x75cf0000 - 0x75cf7000 	C:\WINDOWS\System32\NSI.dll
0x6ce30000 - 0x6ce43000 	C:\WINDOWS\SYSTEM32\dhcpcsvc6.DLL
0x6ce10000 - 0x6ce24000 	C:\WINDOWS\SYSTEM32\dhcpcsvc.DLL
0x50ea0000 - 0x50eaf000 	C:\Program Files (x86)\Java\jdk1.8.0_66\jre\bin\nio.dll
0x637c0000 - 0x637cb000 	C:\Users\ashesh\AppData\Local\Temp\jogamp_0000\file_cache\jln9095959833836651087\jln7397194155489251482\natives\windows-i586\gluegen-rt.dll
0x50130000 - 0x50136000 	C:\Program Files (x86)\Java\jdk1.8.0_66\jre\bin\jawt.dll
0x6a440000 - 0x6a44b000 	C:\Users\ashesh\AppData\Local\Temp\jogamp_0000\file_cache\jln9095959833836651087\jln7397194155489251482\natives\windows-i586\nativewindow_awt.dll
0x6c100000 - 0x6c10d000 	C:\Users\ashesh\AppData\Local\Temp\jogamp_0000\file_cache\jln9095959833836651087\jln7397194155489251482\natives\windows-i586\nativewindow_win32.dll
0x50050000 - 0x50130000 	C:\WINDOWS\SYSTEM32\OpenGL32.dll
0x50020000 - 0x50045000 	C:\WINDOWS\SYSTEM32\GLU32.dll
0x77f10000 - 0x77ffd000 	C:\WINDOWS\SYSTEM32\DDRAW.dll
0x50010000 - 0x50017000 	C:\WINDOWS\SYSTEM32\DCIMAN32.dll
0x64500000 - 0x645a1000 	C:\Users\ashesh\AppData\Local\Temp\jogamp_0000\file_cache\jln9095959833836651087\jln7397194155489251482\natives\windows-i586\jogl_desktop.dll
0x18540000 - 0x1867a000 	C:\Users\ashesh\AppData\Local\Programs\MiKTeX 2.9\miktex\bin\libGLESv2.dll
0x6f840000 - 0x6f855000 	C:\WINDOWS\SYSTEM32\VCRUNTIME140.dll
0x6ce90000 - 0x6cfef000 	C:\WINDOWS\SYSTEM32\d3d9.dll
0x6ca80000 - 0x6caed000 	C:\WINDOWS\SYSTEM32\MSVCP140.dll
0x64340000 - 0x6439a000 	C:\Users\ashesh\AppData\Local\Temp\jogamp_0000\file_cache\jln9095959833836651087\jln7397194155489251482\natives\windows-i586\jogl_mobile.dll
0x18810000 - 0x191f7000 	C:\WINDOWS\SYSTEM32\ig9icd32.dll
0x65b50000 - 0x667e4000 	C:\WINDOWS\SYSTEM32\igc32.dll
0x6f760000 - 0x6f76f000 	C:\WINDOWS\SYSTEM32\WTSAPI32.dll
0x77ed0000 - 0x77f09000 	C:\Program Files (x86)\Java\jdk1.8.0_66\jre\bin\fontmanager.dll
0x70110000 - 0x70147000 	c:\Program Files\WIDCOMM\Bluetooth Software\SysWOW64\BtMmHook.dll
0x73d90000 - 0x73ed5000 	C:\WINDOWS\SYSTEM32\dbghelp.dll

VM Arguments:
jvm_args: -Didea.launcher.port=7533 -Didea.launcher.bin.path=C:\Program Files (x86)\JetBrains\IntelliJ IDEA Community Edition 15.0.2\bin -Dfile.encoding=UTF-8 
java_command: com.intellij.rt.execution.application.AppMain HelloJOGL
java_class_path (initial): C:\Program Files (x86)\Java\jdk1.8.0_66\jre\lib\charsets.jar;C:\Program Files (x86)\Java\jdk1.8.0_66\jre\lib\deploy.jar;C:\Program Files (x86)\Java\jdk1.8.0_66\jre\lib\ext\access-bridge-32.jar;C:\Program Files (x86)\Java\jdk1.8.0_66\jre\lib\ext\cldrdata.jar;C:\Program Files (x86)\Java\jdk1.8.0_66\jre\lib\ext\dnsns.jar;C:\Program Files (x86)\Java\jdk1.8.0_66\jre\lib\ext\jaccess.jar;C:\Program Files (x86)\Java\jdk1.8.0_66\jre\lib\ext\jfxrt.jar;C:\Program Files (x86)\Java\jdk1.8.0_66\jre\lib\ext\localedata.jar;C:\Program Files (x86)\Java\jdk1.8.0_66\jre\lib\ext\nashorn.jar;C:\Program Files (x86)\Java\jdk1.8.0_66\jre\lib\ext\sunec.jar;C:\Program Files (x86)\Java\jdk1.8.0_66\jre\lib\ext\sunjce_provider.jar;C:\Program Files (x86)\Java\jdk1.8.0_66\jre\lib\ext\sunmscapi.jar;C:\Program Files (x86)\Java\jdk1.8.0_66\jre\lib\ext\sunpkcs11.jar;C:\Program Files (x86)\Java\jdk1.8.0_66\jre\lib\ext\zipfs.jar;C:\Program Files (x86)\Java\jdk1.8.0_66\jre\lib\javaws.jar;C:\Program Files (x86)\Java\jdk1.8.0_66\jre\lib\jce.jar;C:\Program Files (x86)\Java\jdk1.8.0_66\jre\lib\jfr.jar;C:\Program Files (x86)\Java\jdk1.8.0_66\jre\lib\jfxswt.jar;C:\Program Files (x86)\Java\jdk1.8.0_66\jre\lib\jsse.jar;C:\Program Files (x86)\Java\jdk1.8.0_66\jre\lib\management-agent.jar;C:\Program Files (x86)\Java\jdk1.8.0_66\jre\lib\plugin.jar;C:\Program Files (x86)\Java\jdk1.8.0_66\jre\lib\resources.jar;C:\Program Files (x86)\Java\jdk1.8.0_66\jre\lib\rt.jar;C:\Program Files (x86)\Java\jdk1.8.0_66\jre\lib;C:\Program Files (x86)\Java\jdk1.8.0_66\jre\lib\audio;C:\Users\ashesh\Documents\teaching\CS 4300\coding\HelloJOGL\out\production\HelloJOGL;C:\Users\ashesh\Documents\teaching\CS 4300\coding\JOGL\Jogamp\jar\joal.jar;C:\Users\ashesh\Documents\teaching\CS 4300\coding\JOGL\Jogamp\jar\jocl.jar;C:\Users\ashesh\Documents\teaching\CS 4300\coding\JOGL\Jogamp\jar\gluegen.jar;C:\Users\ashesh\Documents\teaching\CS 4300\coding\JOGL\Jogamp\jar\jogl-all.jar;C:\Users\ashesh\Documents\teaching\CS 43
Launcher Type: SUN_STANDARD

Environment Variables:
JAVA_HOME=C:\Program Files (x86)\Java\jdk1.8.0_66
PATH=C:\Program Files\ImageMagick-6.9.3-Q16;C:\ProgramData\Oracle\Java\javapath;C:\Program Files\Dell\DW WLAN Card;C:\Program Files (x86)\Intel\iCLS Client\;C:\Program Files\Intel\iCLS Client\;C:\WINDOWS\system32;C:\WINDOWS;C:\WINDOWS\System32\Wbem;C:\WINDOWS\System32\WindowsPowerShell\v1.0\;C:\Program Files (x86)\Intel\Intel(R) Management Engine Components\DAL;C:\Program Files\Intel\Intel(R) Management Engine Components\DAL;C:\Program Files (x86)\Intel\Intel(R) Management Engine Components\IPT;C:\Program Files\Intel\Intel(R) Management Engine Components\IPT;c:\Program Files\WIDCOMM\Bluetooth Software\;c:\Program Files\WIDCOMM\Bluetooth Software\syswow64;c:\Program Files (x86)\Java\jdk1.8.0_66\bin;C:\Program Files (x86)\PharosSystems\Core;C:\Users\ashesh\AppData\Local\Programs\MiKTeX 2.9\miktex\bin\;C:\Program Files\Racket;C:\Windows\twain_32\CNQL25;%USERPROFILE%\AppData\Local\Microsoft\WindowsApps;
USERNAME=ashesh
OS=Windows_NT
PROCESSOR_IDENTIFIER=Intel64 Family 6 Model 78 Stepping 3, GenuineIntel



---------------  S Y S T E M  ---------------

OS: Windows 10.0 , 64 bit Build 14393 (10.0.14393.0)

CPU:total 4 (2 cores per cpu, 2 threads per core) family 6 model 78 stepping 3, cmov, cx8, fxsr, mmx, sse, sse2, sse3, ssse3, sse4.1, sse4.2, popcnt, avx, avx2, aes, clmul, erms, 3dnowpref, lzcnt, ht, tsc, tscinvbit, bmi1, bmi2, adx

Memory: 4k page, physical 8256916k(2877200k free), swap 10222996k(2682984k free)

vm_info: Java HotSpot(TM) Client VM (25.66-b18) for windows-x86 JRE (1.8.0_66-b18), built on Nov  9 2015 10:58:29 by "java_re" with MS VC++ 10.0 (VS2010)

time: Tue Aug 16 12:05:21 2016
elapsed time: 2 seconds (0d 0h 0m 2s)

